<?xml version="1.0" encoding="UTF-8"?>
<!-- Generated by org.testng.reporters.JUnitReportReporter -->
<testsuite hostname="DESKTOP-2SEOHB6" failures="0" tests="1" name="testClass.TC_002_SearchElement_Testing" time="36.876" errors="0" timestamp="2024-12-08T21:24:33 GMT-08:00" skipped="0">
  <testcase classname="testClass.TC_002_SearchElement_Testing" name="Testing_SearchElement" time="36.876"/>
</testsuite> <!-- testClass.TC_002_SearchElement_Testing -->
